<<<<<<< HEAD
  [1m[35m (1.5ms)[0m  [1m[34mSELECT sqlite_version(*)[0m
  [1m[35m (123.2ms)[0m  [1m[35mCREATE TABLE "schema_migrations" ("version" varchar NOT NULL PRIMARY KEY)[0m
  [1m[35m (56.8ms)[0m  [1m[35mCREATE TABLE "ar_internal_metadata" ("key" varchar NOT NULL PRIMARY KEY, "value" varchar, "created_at" datetime(6) NOT NULL, "updated_at" datetime(6) NOT NULL)[0m
  [1m[36mActiveRecord::InternalMetadata Load (0.4ms)[0m  [1m[34mSELECT "ar_internal_metadata".* FROM "ar_internal_metadata" WHERE "ar_internal_metadata"."key" = ? LIMIT ?[0m  [["key", "environment"], ["LIMIT", 1]]
  [1m[35m (0.1ms)[0m  [1m[36mbegin transaction[0m
  [1m[36mActiveRecord::InternalMetadata Create (0.3ms)[0m  [1m[32mINSERT INTO "ar_internal_metadata" ("key", "value", "created_at", "updated_at") VALUES (?, ?, ?, ?)[0m  [["key", "environment"], ["value", "development"], ["created_at", "2022-01-26 09:29:35.695463"], ["updated_at", "2022-01-26 09:29:35.695463"]]
  [1m[35m (44.7ms)[0m  [1m[36mcommit transaction[0m
  [1m[35m (0.1ms)[0m  [1m[34mSELECT sqlite_version(*)[0m
  [1m[35m (0.3ms)[0m  [1m[34mSELECT "schema_migrations"."version" FROM "schema_migrations" ORDER BY "schema_migrations"."version" ASC[0m
Started GET "/" for ::1 at 2022-01-26 15:03:26 +0530
  [1m[35m (0.3ms)[0m  [1m[34mSELECT sqlite_version(*)[0m
Processing by Rails::WelcomeController#index as HTML
  Rendering /home/webonise/.rvm/gems/ruby-2.6.2/gems/railties-6.0.4.4/lib/rails/templates/rails/welcome/index.html.erb
  Rendered /home/webonise/.rvm/gems/ruby-2.6.2/gems/railties-6.0.4.4/lib/rails/templates/rails/welcome/index.html.erb (Duration: 4.7ms | Allocations: 473)
Completed 200 OK in 11ms (Views: 6.6ms | ActiveRecord: 0.0ms | Allocations: 2715)


Started GET "/" for ::1 at 2022-01-26 15:04:02 +0530
  [1m[35m (0.3ms)[0m  [1m[34mSELECT sqlite_version(*)[0m
Processing by Rails::WelcomeController#index as HTML
  Rendering /home/webonise/.rvm/gems/ruby-2.6.2/gems/railties-6.0.4.4/lib/rails/templates/rails/welcome/index.html.erb
  Rendered /home/webonise/.rvm/gems/ruby-2.6.2/gems/railties-6.0.4.4/lib/rails/templates/rails/welcome/index.html.erb (Duration: 5.3ms | Allocations: 310)
Completed 200 OK in 12ms (Views: 6.8ms | ActiveRecord: 0.0ms | Allocations: 1692)


  [1m[35m (1.1ms)[0m  [1m[34mSELECT sqlite_version(*)[0m
  [1m[36mActiveRecord::InternalMetadata Load (0.1ms)[0m  [1m[34mSELECT "ar_internal_metadata".* FROM "ar_internal_metadata" WHERE "ar_internal_metadata"."key" = ? LIMIT ?[0m  [["key", "environment"], ["LIMIT", 1]]
  [1m[35m (0.0ms)[0m  [1m[34mSELECT sqlite_version(*)[0m
  [1m[35m (0.1ms)[0m  [1m[34mSELECT "schema_migrations"."version" FROM "schema_migrations" ORDER BY "schema_migrations"."version" ASC[0m
=======
Started GET "/" for ::1 at 2022-01-26 14:55:49 +0530
  [1m[35m (0.8ms)[0m  [1m[34mSELECT sqlite_version(*)[0m
Processing by Rails::WelcomeController#index as HTML
  Rendering /home/webonise/.rvm/gems/ruby-2.6.2/gems/railties-6.0.4.4/lib/rails/templates/rails/welcome/index.html.erb
  Rendered /home/webonise/.rvm/gems/ruby-2.6.2/gems/railties-6.0.4.4/lib/rails/templates/rails/welcome/index.html.erb (Duration: 6.4ms | Allocations: 473)
Completed 200 OK in 13ms (Views: 8.4ms | ActiveRecord: 0.0ms | Allocations: 2714)


>>>>>>> master
